<?xml version="1.0" encoding="UTF-8"?>
<testng-results skipped="0" failed="0" total="1" passed="1">
  <reporter-output>
  </reporter-output>
  <suite name="Suite" duration-ms="50676" started-at="2022-05-09T15:02:14Z" finished-at="2022-05-09T15:03:05Z">
    <groups>
      <group name="cucumber">
        <method signature="AbstractTestNGCucumberTests.runScenario(io.cucumber.testng.PickleWrapper, io.cucumber.testng.FeatureWrapper)[pri:0, instance:runner.TestRunner@57536d79]" name="runScenario" class="io.cucumber.testng.AbstractTestNGCucumberTests"/>
      </group> <!-- cucumber -->
    </groups>
    <test name="Test" duration-ms="50676" started-at="2022-05-09T15:02:14Z" finished-at="2022-05-09T15:03:05Z">
      <class name="runner.TestRunner">
        <test-method status="PASS" signature="setUpClass(org.testng.ITestContext)[pri:0, instance:runner.TestRunner@57536d79]" name="setUpClass" is-config="true" duration-ms="3780" started-at="2022-05-09T20:32:14Z" finished-at="2022-05-09T20:32:18Z">
          <params>
            <param index="0">
              <value>
                <![CDATA[org.testng.TestRunner@45545e7a]]>
              </value>
            </param>
          </params>
          <reporter-output>
          </reporter-output>
        </test-method> <!-- setUpClass -->
        <test-method status="PASS" signature="runScenario(io.cucumber.testng.PickleWrapper, io.cucumber.testng.FeatureWrapper)[pri:0, instance:runner.TestRunner@57536d79]" name="runScenario" duration-ms="43905" started-at="2022-05-09T20:32:18Z" description="Runs Cucumber Scenarios" data-provider="scenarios" finished-at="2022-05-09T20:33:02Z">
          <params>
            <param index="0">
              <value>
                <![CDATA["Registering a new Account"]]>
              </value>
            </param>
            <param index="1">
              <value>
                <![CDATA["Optional[Login Validation of ParaBank Page]"]]>
              </value>
            </param>
          </params>
          <reporter-output>
          </reporter-output>
        </test-method> <!-- runScenario -->
        <test-method status="PASS" signature="After()[pri:0, instance:runner.TestRunner@57536d79]" name="After" is-config="true" duration-ms="2396" started-at="2022-05-09T20:33:02Z" finished-at="2022-05-09T20:33:04Z">
          <reporter-output>
          </reporter-output>
        </test-method> <!-- After -->
        <test-method status="PASS" signature="tearDownClass()[pri:0, instance:runner.TestRunner@57536d79]" name="tearDownClass" is-config="true" duration-ms="533" started-at="2022-05-09T20:33:04Z" finished-at="2022-05-09T20:33:05Z">
          <reporter-output>
          </reporter-output>
        </test-method> <!-- tearDownClass -->
      </class> <!-- runner.TestRunner -->
    </test> <!-- Test -->
  </suite> <!-- Suite -->
</testng-results>
