<?xml version="1.0" encoding="UTF-8"?>
<testng-results skipped="0" failed="0" total="1" passed="1">
  <reporter-output>
  </reporter-output>
  <suite name="Suite" duration-ms="63214" started-at="2022-04-23T15:59:54Z" finished-at="2022-04-23T16:00:57Z">
    <groups>
      <group name="cucumber">
        <method signature="AbstractTestNGCucumberTests.runScenario(io.cucumber.testng.PickleWrapper, io.cucumber.testng.FeatureWrapper)[pri:0, instance:runner.TestRunner@2286778]" name="runScenario" class="io.cucumber.testng.AbstractTestNGCucumberTests"/>
      </group> <!-- cucumber -->
    </groups>
    <test name="Test" duration-ms="63214" started-at="2022-04-23T15:59:54Z" finished-at="2022-04-23T16:00:57Z">
      <class name="runner.TestRunner">
        <test-method status="PASS" signature="setUpClass(org.testng.ITestContext)[pri:0, instance:runner.TestRunner@2286778]" name="setUpClass" is-config="true" duration-ms="2646" started-at="2022-04-23T21:29:54Z" finished-at="2022-04-23T21:29:56Z">
          <params>
            <param index="0">
              <value>
                <![CDATA[org.testng.TestRunner@3c98781a]]>
              </value>
            </param>
          </params>
          <reporter-output>
          </reporter-output>
        </test-method> <!-- setUpClass -->
        <test-method status="PASS" signature="runScenario(io.cucumber.testng.PickleWrapper, io.cucumber.testng.FeatureWrapper)[pri:0, instance:runner.TestRunner@2286778]" name="runScenario" duration-ms="59409" started-at="2022-04-23T21:29:56Z" description="Runs Cucumber Scenarios" data-provider="scenarios" finished-at="2022-04-23T21:30:56Z">
          <params>
            <param index="0">
              <value>
                <![CDATA["Registering a new Account"]]>
              </value>
            </param>
            <param index="1">
              <value>
                <![CDATA["Optional[Login Validation of ParaBank Page]"]]>
              </value>
            </param>
          </params>
          <reporter-output>
          </reporter-output>
        </test-method> <!-- runScenario -->
        <test-method status="PASS" signature="tearDownClass()[pri:0, instance:runner.TestRunner@2286778]" name="tearDownClass" is-config="true" duration-ms="1089" started-at="2022-04-23T21:30:56Z" finished-at="2022-04-23T21:30:57Z">
          <reporter-output>
          </reporter-output>
        </test-method> <!-- tearDownClass -->
      </class> <!-- runner.TestRunner -->
    </test> <!-- Test -->
  </suite> <!-- Suite -->
</testng-results>
